{"logTime": "1008/004650", "correlationVector":"GbtecEgdkSxv8MmqIMMjEk.0","action":"FeedSettingFetch_homeCloud", "result":"0", "context":{}}
{"logTime": "1008/004650", "correlationVector":"Fy6/9aRUE0AmhqxVgZtk/i.1","action":"SyncServerConnectionManagerRequest", "result":"SYNC_SERVER_OK", "context":{"environment":"Prod_JapanEast", "server":"GENERAL01000014"}}
{"logTime": "1008/004650", "correlationVector":"Fy6/9aRUE0AmhqxVgZtk/i","action":"Initial GetUpdates", "result":"", "context":Reason: NEW_CLIENT. cV=Fy6/9aRUE0AmhqxVgZtk/i}
{"logTime": "1008/004650", "correlationVector":"Fy6/9aRUE0AmhqxVgZtk/i.2","action":"GetUpdates Response", "result":"SYNCER_OK", "context":Received 1 update(s). cV=Fy6/9aRUE0AmhqxVgZtk/i.0;server=GENERAL01000014;cloudType=Consumer;environment=Prod_JapanEast}
{"logTime": "1008/004652", "correlationVector":"9Ev64CC5LGXIODI3P7R6YP","action":"SyncServerConnectionManagerRequest", "result":"SYNC_SERVER_OK", "context":{"environment":"", "server":""}}
{"logTime": "1008/004652", "correlationVector":"kG1CrO5ivms1CQPqm4Jr/h","action":"Initial GetUpdates", "result":"", "context":Reason: NEW_CLIENT. cV=kG1CrO5ivms1CQPqm4Jr/h}
{"logTime": "1008/004652", "correlationVector":"kG1CrO5ivms1CQPqm4Jr/h.1","action":"SyncServerConnectionManagerRequest", "result":"SYNC_SERVER_OK", "context":{"environment":"Prod_JapanEast", "server":"GENERAL0100000A"}}
{"logTime": "1008/004653", "correlationVector":"kG1CrO5ivms1CQPqm4Jr/h.2","action":"GetUpdates Response", "result":"SYNCER_OK", "context":Received 1 update(s). cV=kG1CrO5ivms1CQPqm4Jr/h.0;server=GENERAL0100000A;cloudType=Consumer;environment=Prod_JapanEast}
{"logTime": "1008/004653", "correlationVector":"HaE7oB/hQtdLzTRf5S8DU9","action":"Normal GetUpdate request", "result":"", "context":cV=HaE7oB/hQtdLzTRf5S8DU9
Nudged types: Device Info, User Consents
Refresh requested types: Device Info, User Consents, Send Tab To Self, Encryption Keys}
{"logTime": "1008/004653", "correlationVector":"HaE7oB/hQtdLzTRf5S8DU9.1","action":"SyncServerConnectionManagerRequest", "result":"SYNC_SERVER_OK", "context":{"environment":"Prod_JapanEast", "server":"GENERAL01000003"}}
{"logTime": "1008/004653", "correlationVector":"HaE7oB/hQtdLzTRf5S8DU9.2","action":"GetUpdates Response", "result":"SYNCER_OK", "context":Received 0 update(s). cV=HaE7oB/hQtdLzTRf5S8DU9.0;server=GENERAL01000003;cloudType=Consumer;environment=Prod_JapanEast}
{"logTime": "1008/004653", "correlationVector":"ZnCJeoN1uEKdZ/DvY2M8Fa","action":"Commit Request", "result":"", "context":Item count: 1
Contributing types: Device Info}
{"logTime": "1008/004653", "correlationVector":"ZnCJeoN1uEKdZ/DvY2M8Fa.1","action":"SyncServerConnectionManagerRequest", "result":"SYNC_SERVER_OK", "context":{"environment":"Prod_JapanEast", "server":"GENERAL0100000O"}}
{"logTime": "1008/004653", "correlationVector":"ZnCJeoN1uEKdZ/DvY2M8Fa.2","action":"Commit Response", "result":"SYNCER_OK", "context":Result: SYNCER_OK. cV=ZnCJeoN1uEKdZ/DvY2M8Fa.0;server=GENERAL0100000O;cloudType=Consumer;environment=Prod_JapanEast}
{"logTime": "1008/004653", "correlationVector":"8jvWFXOYAJZQfOYYUv3Kqk","action":"Commit Request", "result":"", "context":Item count: 1
Contributing types: User Consents}
{"logTime": "1008/004654", "correlationVector":"8jvWFXOYAJZQfOYYUv3Kqk.1","action":"SyncServerConnectionManagerRequest", "result":"SYNC_SERVER_OK", "context":{"environment":"Prod_JapanEast", "server":"GENERAL0100000I"}}
{"logTime": "1008/004654", "correlationVector":"8jvWFXOYAJZQfOYYUv3Kqk.2","action":"Commit Response", "result":"SYNCER_OK", "context":Result: SYNCER_OK. cV=8jvWFXOYAJZQfOYYUv3Kqk.0;server=GENERAL0100000I;cloudType=Consumer;environment=Prod_JapanEast}
